0 info it worked if it ends with ok
1 verbose cli [ 'C:\\Program Files\\nodejs\\node.exe',
1 verbose cli   'C:\\Program Files\\nodejs\\node_modules\\npm\\bin\\npm-cli.js',
1 verbose cli   'start' ]
2 info using npm@3.10.10
3 info using node@v6.10.0
4 verbose run-script [ 'prestart', 'start', 'poststart' ]
5 info lifecycle FYP@~prestart: FYP@
6 silly lifecycle FYP@~prestart: no script for prestart, continuing
7 info lifecycle FYP@~start: FYP@
8 verbose lifecycle FYP@~start: unsafe-perm in lifecycle true
9 verbose lifecycle FYP@~start: PATH: C:\Program Files\nodejs\node_modules\npm\bin\node-gyp-bin;C:\Users\Ais\Documents\beaconapp\node_modules\.bin;C:\Users\Ais\Desktop\cmder_mini\bin;C:\Users\Ais\Desktop\cmder_mini\vendor\conemu-maximus5\ConEmu\Scripts;C:\Users\Ais\Desktop\cmder_mini\vendor\conemu-maximus5;C:\Users\Ais\Desktop\cmder_mini\vendor\conemu-maximus5\ConEmu;C:\Program Files (x86)\NVIDIA Corporation\PhysX\Common;C:\WINDOWS\system32;C:\WINDOWS;C:\WINDOWS\System32\Wbem;C:\WINDOWS\System32\WindowsPowerShell\v1.0\;C:\Program Files (x86)\AMD\ATI.ACE\Core-Static;C:\Program Files\nodejs\;C:\Program Files\Git\cmd;C:\Users\Ais\AppData\Roaming\npm;C:\Program Files\Java\jdk1.8.0_121\bin;C:\Users\Ais\AppData\Local\Android\sdk\tools;C:\Users\Ais\AppData\Local\Android\sdk\platform-tools;GRADLE_HOME%\bin;C:\Users\Ais\AppData\Local\Programs\Python\Python36-32\Scripts\;C:\Program Files\PuTTY\;C:\Users\Ais\AppData\Roaming\Python\Python36\Scripts;C:\Users\Ais\AppData\Local\Programs\Python\Python36-32\;C:\Users\Ais\AppData\Local\Microsoft\WindowsApps;C:\Users\Ais\AppData\Roaming\npm;C:\Program Files (x86)\Heroku\bin;C:\Program Files\Git\usr\bin;C:\Program Files\Git\usr\share\vim\vim74;C:\Users\Ais\Desktop\cmder_mini\
10 verbose lifecycle FYP@~start: CWD: C:\Users\Ais\Documents\beaconapp
11 silly lifecycle FYP@~start: Args: [ '/d /s /c', 'node server.js' ]
12 silly lifecycle FYP@~start: Returned: code: 1  signal: null
13 info lifecycle FYP@~start: Failed to exec start script
14 verbose stack Error: FYP@ start: `node server.js`
14 verbose stack Exit status 1
14 verbose stack     at EventEmitter.<anonymous> (C:\Program Files\nodejs\node_modules\npm\lib\utils\lifecycle.js:255:16)
14 verbose stack     at emitTwo (events.js:106:13)
14 verbose stack     at EventEmitter.emit (events.js:191:7)
14 verbose stack     at ChildProcess.<anonymous> (C:\Program Files\nodejs\node_modules\npm\lib\utils\spawn.js:40:14)
14 verbose stack     at emitTwo (events.js:106:13)
14 verbose stack     at ChildProcess.emit (events.js:191:7)
14 verbose stack     at maybeClose (internal/child_process.js:877:16)
14 verbose stack     at Process.ChildProcess._handle.onexit (internal/child_process.js:226:5)
15 verbose pkgid FYP@
16 verbose cwd C:\Users\Ais\Documents\beaconapp
17 error Windows_NT 10.0.14393
18 error argv "C:\\Program Files\\nodejs\\node.exe" "C:\\Program Files\\nodejs\\node_modules\\npm\\bin\\npm-cli.js" "start"
19 error node v6.10.0
20 error npm  v3.10.10
21 error code ELIFECYCLE
22 error FYP@ start: `node server.js`
22 error Exit status 1
23 error Failed at the FYP@ start script 'node server.js'.
23 error Make sure you have the latest version of node.js and npm installed.
23 error If you do, this is most likely a problem with the FYP package,
23 error not with npm itself.
23 error Tell the author that this fails on your system:
23 error     node server.js
23 error You can get information on how to open an issue for this project with:
23 error     npm bugs FYP
23 error Or if that isn't available, you can get their info via:
23 error     npm owner ls FYP
23 error There is likely additional logging output above.
24 verbose exit [ 1, true ]
